2023-03-15 04:00:06.617  INFO [boot-otel-tempo-api,2d2d671b8b1736a63e8612f54cb137a3,467890a956a02edd] 7 --- [nio-8080-exec-5] i.o.example.flight.FlightController      : Before Service Method Call 
2023-03-15 04:00:06.622  INFO [boot-otel-tempo-api,2d2d671b8b1736a63e8612f54cb137a3,467890a956a02edd] 7 --- [nio-8080-exec-5] i.o.example.flight.FlightService         : Getting flights for India 
2023-03-15 04:00:06.622  INFO [boot-otel-tempo-api,2d2d671b8b1736a63e8612f54cb137a3,e66625e4abb0ef23] 7 --- [nio-8080-exec-5] i.o.example.flight.FlightClient          : Getting Flights from http://boot-otel-tempo-provider1:8090/flights 
2023-03-15 04:00:06.643  INFO [boot-otel-tempo-api,2d2d671b8b1736a63e8612f54cb137a3,acc52d056b53dbcd] 7 --- [nio-8080-exec-5] i.o.example.flight.FlightService         : Doing some work In New span 
2023-03-15 14:44:53.446  INFO [boot-otel-tempo-api,,] 7 --- [           main] i.o.example.BootOtelTempoApiApplication  : Starting BootOtelTempoApiApplication v0.0.1-SNAPSHOT using Java 1.8.0_212 on 803403acaf1f with PID 7 (/app/bin/boot-otel-tempo-api.jar started by root in /) 
2023-03-15 14:44:53.477 DEBUG [boot-otel-tempo-api,,] 7 --- [           main] i.o.example.BootOtelTempoApiApplication  : Running with Spring Boot v2.4.2, Spring v5.3.3 
2023-03-15 14:44:53.483  INFO [boot-otel-tempo-api,,] 7 --- [           main] i.o.example.BootOtelTempoApiApplication  : No active profile set, falling back to default profiles: default 
2023-03-15 14:45:01.621  INFO [boot-otel-tempo-api,,] 7 --- [           main] o.s.b.w.embedded.tomcat.TomcatWebServer  : Tomcat initialized with port(s): 8080 (http) 
2023-03-15 14:45:01.810  INFO [boot-otel-tempo-api,,] 7 --- [           main] o.apache.catalina.core.StandardService   : Starting service [Tomcat] 
2023-03-15 14:45:01.811  INFO [boot-otel-tempo-api,,] 7 --- [           main] org.apache.catalina.core.StandardEngine  : Starting Servlet engine: [Apache Tomcat/9.0.41] 
2023-03-15 14:45:02.267  INFO [boot-otel-tempo-api,,] 7 --- [           main] o.a.c.c.C.[Tomcat].[localhost].[/]       : Initializing Spring embedded WebApplicationContext 
2023-03-15 14:45:02.282  INFO [boot-otel-tempo-api,,] 7 --- [           main] w.s.c.ServletWebServerApplicationContext : Root WebApplicationContext: initialization completed in 8348 ms 
2023-03-15 14:45:04.946  INFO [boot-otel-tempo-api,,] 7 --- [           main] o.s.s.concurrent.ThreadPoolTaskExecutor  : Initializing ExecutorService 'applicationTaskExecutor' 
2023-03-15 14:45:06.555  INFO [boot-otel-tempo-api,,] 7 --- [           main] o.s.b.a.e.web.EndpointLinksResolver      : Exposing 3 endpoint(s) beneath base path '/actuator' 
2023-03-15 14:45:06.961  INFO [boot-otel-tempo-api,,] 7 --- [           main] o.s.b.w.embedded.tomcat.TomcatWebServer  : Tomcat started on port(s): 8080 (http) with context path '' 
2023-03-15 14:45:07.063  INFO [boot-otel-tempo-api,,] 7 --- [           main] i.o.example.BootOtelTempoApiApplication  : Started BootOtelTempoApiApplication in 17.594 seconds (JVM running for 29.245) 
2023-03-15 14:45:14.493  INFO [boot-otel-tempo-api,3f997681f68ce1f6a760df4bef54a89d,57a8ff08791e4253] 7 --- [nio-8080-exec-1] o.a.c.c.C.[Tomcat].[localhost].[/]       : Initializing Spring DispatcherServlet 'dispatcherServlet' 
2023-03-15 14:45:14.494  INFO [boot-otel-tempo-api,3f997681f68ce1f6a760df4bef54a89d,57a8ff08791e4253] 7 --- [nio-8080-exec-1] o.s.web.servlet.DispatcherServlet        : Initializing Servlet 'dispatcherServlet' 
2023-03-15 14:45:14.503  INFO [boot-otel-tempo-api,3f997681f68ce1f6a760df4bef54a89d,57a8ff08791e4253] 7 --- [nio-8080-exec-1] o.s.web.servlet.DispatcherServlet        : Completed initialization in 1 ms 
2023-03-15 15:01:13.048  INFO [boot-otel-tempo-api,,] 7 --- [           main] i.o.example.BootOtelTempoApiApplication  : Starting BootOtelTempoApiApplication v0.0.1-SNAPSHOT using Java 1.8.0_212 on 803403acaf1f with PID 7 (/app/bin/boot-otel-tempo-api.jar started by root in /) 
2023-03-15 15:01:13.070 DEBUG [boot-otel-tempo-api,,] 7 --- [           main] i.o.example.BootOtelTempoApiApplication  : Running with Spring Boot v2.4.2, Spring v5.3.3 
2023-03-15 15:01:13.075  INFO [boot-otel-tempo-api,,] 7 --- [           main] i.o.example.BootOtelTempoApiApplication  : No active profile set, falling back to default profiles: default 
2023-03-15 15:01:21.024  INFO [boot-otel-tempo-api,,] 7 --- [           main] o.s.b.w.embedded.tomcat.TomcatWebServer  : Tomcat initialized with port(s): 8080 (http) 
2023-03-15 15:01:21.164  INFO [boot-otel-tempo-api,,] 7 --- [           main] o.apache.catalina.core.StandardService   : Starting service [Tomcat] 
2023-03-15 15:01:21.170  INFO [boot-otel-tempo-api,,] 7 --- [           main] org.apache.catalina.core.StandardEngine  : Starting Servlet engine: [Apache Tomcat/9.0.41] 
2023-03-15 15:01:21.508  INFO [boot-otel-tempo-api,,] 7 --- [           main] o.a.c.c.C.[Tomcat].[localhost].[/]       : Initializing Spring embedded WebApplicationContext 
2023-03-15 15:01:21.527  INFO [boot-otel-tempo-api,,] 7 --- [           main] w.s.c.ServletWebServerApplicationContext : Root WebApplicationContext: initialization completed in 8099 ms 
2023-03-15 15:01:23.038  INFO [boot-otel-tempo-api,,] 7 --- [           main] o.s.s.concurrent.ThreadPoolTaskExecutor  : Initializing ExecutorService 'applicationTaskExecutor' 
2023-03-15 15:01:24.078  INFO [boot-otel-tempo-api,,] 7 --- [           main] o.s.b.a.e.web.EndpointLinksResolver      : Exposing 3 endpoint(s) beneath base path '/actuator' 
2023-03-15 15:01:24.331  INFO [boot-otel-tempo-api,,] 7 --- [           main] o.s.b.w.embedded.tomcat.TomcatWebServer  : Tomcat started on port(s): 8080 (http) with context path '' 
2023-03-15 15:01:24.366  INFO [boot-otel-tempo-api,,] 7 --- [           main] i.o.example.BootOtelTempoApiApplication  : Started BootOtelTempoApiApplication in 14.964 seconds (JVM running for 27.342) 
2023-03-15 15:01:29.285  INFO [boot-otel-tempo-api,67d7b71e5232a810935d96d3507899d1,060e0202b43fbd5b] 7 --- [nio-8080-exec-1] o.a.c.c.C.[Tomcat].[localhost].[/]       : Initializing Spring DispatcherServlet 'dispatcherServlet' 
2023-03-15 15:01:29.292  INFO [boot-otel-tempo-api,67d7b71e5232a810935d96d3507899d1,060e0202b43fbd5b] 7 --- [nio-8080-exec-1] o.s.web.servlet.DispatcherServlet        : Initializing Servlet 'dispatcherServlet' 
2023-03-15 15:01:29.294  INFO [boot-otel-tempo-api,67d7b71e5232a810935d96d3507899d1,060e0202b43fbd5b] 7 --- [nio-8080-exec-1] o.s.web.servlet.DispatcherServlet        : Completed initialization in 1 ms 
2023-03-15 15:15:58.162  INFO [boot-otel-tempo-api,8a84a7eb8de8dc9a30c6b9a9f6813ba1,29d488d120c1dd39] 7 --- [io-8080-exec-10] i.o.example.flight.FlightController      : Before Service Method Call 
2023-03-15 15:15:58.163  INFO [boot-otel-tempo-api,8a84a7eb8de8dc9a30c6b9a9f6813ba1,29d488d120c1dd39] 7 --- [io-8080-exec-10] i.o.example.flight.FlightService         : Getting flights for India 
2023-03-15 15:15:58.171  INFO [boot-otel-tempo-api,8a84a7eb8de8dc9a30c6b9a9f6813ba1,d047d24489c7170c] 7 --- [io-8080-exec-10] i.o.example.flight.FlightClient          : Getting Flights from http://boot-otel-tempo-provider1:8090/flights 
2023-03-15 15:15:59.734  INFO [boot-otel-tempo-api,8a84a7eb8de8dc9a30c6b9a9f6813ba1,576ff7e79b1cb753] 7 --- [io-8080-exec-10] i.o.example.flight.FlightService         : Doing some work In New span 
2023-03-15 15:16:03.557  INFO [boot-otel-tempo-api,6e5f0dc35fa886e4e2baaa8633d6f53c,d913c2bd6ce19e1d] 7 --- [nio-8080-exec-3] i.o.example.flight.FlightController      : Before Service Method Call 
2023-03-15 15:16:03.558  INFO [boot-otel-tempo-api,6e5f0dc35fa886e4e2baaa8633d6f53c,d913c2bd6ce19e1d] 7 --- [nio-8080-exec-3] i.o.example.flight.FlightService         : Getting flights for India 
2023-03-15 15:16:03.558  INFO [boot-otel-tempo-api,6e5f0dc35fa886e4e2baaa8633d6f53c,3e64dd8d42d125f7] 7 --- [nio-8080-exec-3] i.o.example.flight.FlightClient          : Getting Flights from http://boot-otel-tempo-provider1:8090/flights 
2023-03-15 15:16:03.570  INFO [boot-otel-tempo-api,6e5f0dc35fa886e4e2baaa8633d6f53c,65f5bd7c1a0a4777] 7 --- [nio-8080-exec-3] i.o.example.flight.FlightService         : Doing some work In New span 
